<?xml version="1.0" encoding="UTF-8"?>
<!-- Generated by org.testng.reporters.JUnitXMLReporter -->
<testsuite ignored="0" hostname="rsasma33" failures="0" tests="6" name="Default test" time="0.156" errors="0" timestamp="2022-02-08T19:44:42 IST">
  <testcase classname="maventutorial.Mavenjava.ApiTest" name="Postjira" time="0.014"/>
  <testcase classname="maventutorial.Mavenjava.ApiTest" name="deletetwitter" time="0.013"/>
  <testcase classname="maventutorial.Mavenjava.seleniumTest" name="BrowserAutomation" time="0.006"/>
  <testcase classname="maventutorial.Mavenjava.seleniumTest" name="ElementsUI" time="0.002"/>
  <testcase classname="maventutorial.Mavenjava.AappiumTest" name="AndroidApp" time="0.001"/>
  <testcase classname="maventutorial.Mavenjava.AappiumTest" name="IOSapp" time="0.003"/>
</testsuite> <!-- Default test -->
