<?xml version="1.0" encoding="UTF-8"?>
<!-- Generated by org.testng.reporters.JUnitXMLReporter -->
<testsuite ignored="0" hostname="rsasma33" failures="0" tests="6" name="Command line test" time="0.098" errors="0" timestamp="2022-03-08T13:11:03 IST">
  <testcase classname="maventutorial.Mavenjava.AappiumTest" name="AndroidApp" time="0.009"/>
  <testcase classname="maventutorial.Mavenjava.AappiumTest" name="IOSapp" time="0.001"/>
  <testcase classname="maventutorial.Mavenjava.ApiTest" name="Postjira" time="0.001"/>
  <testcase classname="maventutorial.Mavenjava.ApiTest" name="deletetwitter" time="0.0"/>
  <testcase classname="maventutorial.Mavenjava.seleniumTest" name="BrowserAutomation" time="0.001"/>
  <testcase classname="maventutorial.Mavenjava.seleniumTest" name="ElementsUI" time="0.0"/>
</testsuite> <!-- Command line test -->
