<?xml version="1.0" encoding="UTF-8"?>
<testng-results ignored="0" total="6" passed="6" failed="0" skipped="0">
  <reporter-output>
  </reporter-output>
  <suite started-at="2022-03-08T13:11:02 IST" name="Command line suite" finished-at="2022-03-08T13:11:02 IST" duration-ms="98">
    <groups>
    </groups>
    <test started-at="2022-03-08T13:11:02 IST" name="Command line test" finished-at="2022-03-08T13:11:02 IST" duration-ms="98">
      <class name="maventutorial.Mavenjava.ApiTest">
        <test-method signature="Postjira()[pri:0, instance:maventutorial.Mavenjava.ApiTest@b3ca52e]" started-at="2022-03-08T13:11:02 IST" name="Postjira" finished-at="2022-03-08T13:11:02 IST" duration-ms="1" status="PASS">
          <reporter-output>
          </reporter-output>
        </test-method> <!-- Postjira -->
        <test-method signature="deletetwitter()[pri:0, instance:maventutorial.Mavenjava.ApiTest@b3ca52e]" started-at="2022-03-08T13:11:02 IST" name="deletetwitter" finished-at="2022-03-08T13:11:02 IST" duration-ms="0" status="PASS">
          <reporter-output>
          </reporter-output>
        </test-method> <!-- deletetwitter -->
      </class> <!-- maventutorial.Mavenjava.ApiTest -->
      <class name="maventutorial.Mavenjava.seleniumTest">
        <test-method signature="BrowserAutomation()[pri:0, instance:maventutorial.Mavenjava.seleniumTest@45c7e403]" started-at="2022-03-08T13:11:02 IST" name="BrowserAutomation" finished-at="2022-03-08T13:11:02 IST" duration-ms="1" status="PASS">
          <reporter-output>
          </reporter-output>
        </test-method> <!-- BrowserAutomation -->
        <test-method signature="ElementsUI()[pri:0, instance:maventutorial.Mavenjava.seleniumTest@45c7e403]" started-at="2022-03-08T13:11:02 IST" name="ElementsUI" finished-at="2022-03-08T13:11:02 IST" duration-ms="0" status="PASS">
          <reporter-output>
          </reporter-output>
        </test-method> <!-- ElementsUI -->
      </class> <!-- maventutorial.Mavenjava.seleniumTest -->
      <class name="maventutorial.Mavenjava.AappiumTest">
        <test-method signature="AndroidApp()[pri:0, instance:maventutorial.Mavenjava.AappiumTest@4b2bac3f]" started-at="2022-03-08T13:11:02 IST" name="AndroidApp" finished-at="2022-03-08T13:11:02 IST" duration-ms="9" status="PASS">
          <reporter-output>
          </reporter-output>
        </test-method> <!-- AndroidApp -->
        <test-method signature="IOSapp()[pri:0, instance:maventutorial.Mavenjava.AappiumTest@4b2bac3f]" started-at="2022-03-08T13:11:02 IST" name="IOSapp" finished-at="2022-03-08T13:11:02 IST" duration-ms="1" status="PASS">
          <reporter-output>
          </reporter-output>
        </test-method> <!-- IOSapp -->
      </class> <!-- maventutorial.Mavenjava.AappiumTest -->
    </test> <!-- Command line test -->
  </suite> <!-- Command line suite -->
</testng-results>
