<?xml version="1.0" encoding="UTF-8" ?>
<testsuite tests="6" failures="0" name="TestSuite" time="0.013" errors="0" skipped="0">
  <properties>
[...]
</properties>
  <testcase classname="maventutorial.Mavenjava.AappiumTest" name="AndroidApp" time="0.011"/>
  <testcase classname="maventutorial.Mavenjava.AappiumTest" name="IOSapp" time="0"/>
  <testcase classname="maventutorial.Mavenjava.ApiTest" name="Postjira" time="0.002"/>
  <testcase classname="maventutorial.Mavenjava.ApiTest" name="deletetwitter" time="0"/>
  <testcase classname="maventutorial.Mavenjava.seleniumTest" name="BrowserAutomation" time="0"/>
  <testcase classname="maventutorial.Mavenjava.seleniumTest" name="ElementsUI" time="0"/>
</testsuite>